<?xml version="1.0" encoding="UTF-8"?>
<testng-results ignored="0" total="2" passed="2" failed="0" skipped="0">
  <reporter-output>
  </reporter-output>
  <suite started-at="2024-05-05T09:19:13Z" name="Suite" finished-at="2024-05-05T09:19:31Z" duration-ms="18705">
    <groups>
    </groups>
    <test started-at="2024-05-05T09:19:13Z" name="Test" finished-at="2024-05-05T09:19:31Z" duration-ms="18705">
      <class name="testcases.LoginTest">
        <test-method signature="navigation(java.lang.String, java.lang.String)[pri:0, instance:testcases.LoginTest@3abd581e]" started-at="2024-05-05T09:19:13Z" name="navigation" data-provider="getData" finished-at="2024-05-05T09:19:25Z" duration-ms="11400" status="PASS">
          <params>
            <param index="0">
              <value>
                <![CDATA[user1]]>
              </value>
            </param>
            <param index="1">
              <value>
                <![CDATA[pass1]]>
              </value>
            </param>
          </params>
          <reporter-output>
          </reporter-output>
        </test-method> <!-- navigation -->
        <test-method signature="navigation(java.lang.String, java.lang.String)[pri:0, instance:testcases.LoginTest@3abd581e]" started-at="2024-05-05T09:19:25Z" name="navigation" data-provider="getData" finished-at="2024-05-05T09:19:31Z" duration-ms="5848" status="PASS">
          <params>
            <param index="0">
              <value>
                <![CDATA[user2]]>
              </value>
            </param>
            <param index="1">
              <value>
                <![CDATA[pass2]]>
              </value>
            </param>
          </params>
          <reporter-output>
          </reporter-output>
        </test-method> <!-- navigation -->
      </class> <!-- testcases.LoginTest -->
    </test> <!-- Test -->
  </suite> <!-- Suite -->
</testng-results>
