<?xml version="1.0" encoding="UTF-8"?>
<testng-results ignored="0" total="2" passed="2" failed="0" skipped="0">
  <reporter-output>
  </reporter-output>
  <suite started-at="2024-05-07T17:16:41Z" name="Default suite" finished-at="2024-05-07T17:16:50Z" duration-ms="9183">
    <groups>
    </groups>
    <test started-at="2024-05-07T17:16:41Z" name="Default test" finished-at="2024-05-07T17:16:50Z" duration-ms="9183">
      <class name="testcases.LoginTest">
        <test-method signature="navigation(java.lang.String, java.lang.String)[pri:0, instance:testcases.LoginTest@5af28b27]" started-at="2024-05-07T17:16:42Z" name="navigation" data-provider="getData" finished-at="2024-05-07T17:16:46Z" duration-ms="4011" status="PASS">
          <params>
            <param index="0">
              <value>
                <![CDATA[user1]]>
              </value>
            </param>
            <param index="1">
              <value>
                <![CDATA[pass1]]>
              </value>
            </param>
          </params>
          <reporter-output>
          </reporter-output>
        </test-method> <!-- navigation -->
        <test-method signature="navigation(java.lang.String, java.lang.String)[pri:0, instance:testcases.LoginTest@5af28b27]" started-at="2024-05-07T17:16:46Z" name="navigation" data-provider="getData" finished-at="2024-05-07T17:16:50Z" duration-ms="4405" status="PASS">
          <params>
            <param index="0">
              <value>
                <![CDATA[user2]]>
              </value>
            </param>
            <param index="1">
              <value>
                <![CDATA[pass2]]>
              </value>
            </param>
          </params>
          <reporter-output>
          </reporter-output>
        </test-method> <!-- navigation -->
      </class> <!-- testcases.LoginTest -->
    </test> <!-- Default test -->
  </suite> <!-- Default suite -->
</testng-results>
